Running: D:\14.7\ISE_DS\ISE\bin\nt64\unwrapped\fuse.exe -intstyle ise -incremental -lib unisims_ver -lib unimacro_ver -lib xilinxcorelib_ver -o C:/Users/Zarineh/Desktop/1/az1/testBench_isim_beh.exe -prj C:/Users/Zarineh/Desktop/1/az1/testBench_beh.prj work.testBench work.glbl 
ISim P.20131013 (signature 0x7708f090)
Number of CPUs detected in this system: 8
Turning on mult-threading, number of parallel sub-compilation jobs: 16 
Determining compilation order of HDL files
Analyzing Verilog file "C:/Users/Zarineh/Desktop/1/az1/az1.v" into library work
Analyzing Verilog file "C:/Users/Zarineh/Desktop/1/az1/testBench.v" into library work
Analyzing Verilog file "D:/14.7/ISE_DS/ISE//verilog/src/glbl.v" into library work
Starting static elaboration
Completed static elaboration
Compiling module adder_4bit
Compiling module bcd_3_add_each
Compiling module bcd_mod3
Compiling module comp_5bit
Compiling module bcd_mod11
Compiling module az1
Compiling module testBench
Compiling module glbl
Time Resolution for simulation is 1ps.
Waiting for 1 sub-compilation(s) to finish...
Compiled 8 Verilog Units
Built simulation executable C:/Users/Zarineh/Desktop/1/az1/testBench_isim_beh.exe
Fuse Memory Usage: 28124 KB
Fuse CPU Usage: 453 ms
